{"/home/jimmie-01/Node/Type_Script/blog-api/src/app.ts": {"path":"/home/jimmie-01/Node/Type_Script/blog-api/src/app.ts","statementMap":{"0":{"start":{"line":7,"column":12},"end":{"line":7,"column":20}},"1":{"start":{"line":9,"column":0},"end":{"line":9,"column":null}},"2":{"start":{"line":11,"column":0},"end":{"line":11,"column":null}},"3":{"start":{"line":13,"column":0},"end":{"line":13,"column":null}},"4":{"start":{"line":15,"column":0},"end":{"line":15,"column":null}}},"fnMap":{},"branchMap":{},"s":{"0":1,"1":1,"2":1,"3":1,"4":1},"f":{},"b":{},"meta":{"lastBranch":0,"lastFunction":0,"lastStatement":5,"seen":{"s:7:12:7:20":0,"s:9:0:9:Infinity":1,"s:11:0:11:Infinity":2,"s:13:0:13:Infinity":3,"s:15:0:15:Infinity":4},"fnNames":{}}}
,"/home/jimmie-01/Node/Type_Script/blog-api/src/controllers/post.controller.ts": {"path":"/home/jimmie-01/Node/Type_Script/blog-api/src/controllers/post.controller.ts","statementMap":{"0":{"start":{"line":4,"column":24},"end":{"line":12,"column":null}},"1":{"start":{"line":5,"column":1},"end":{"line":11,"column":null}},"2":{"start":{"line":6,"column":16},"end":{"line":6,"column":34}},"3":{"start":{"line":7,"column":2},"end":{"line":7,"column":null}},"4":{"start":{"line":9,"column":2},"end":{"line":9,"column":null}},"5":{"start":{"line":10,"column":2},"end":{"line":10,"column":null}},"6":{"start":{"line":14,"column":27},"end":{"line":25,"column":null}},"7":{"start":{"line":15,"column":1},"end":{"line":24,"column":null}},"8":{"start":{"line":16,"column":13},"end":{"line":16,"column":null}},"9":{"start":{"line":18,"column":15},"end":{"line":18,"column":null}},"10":{"start":{"line":20,"column":2},"end":{"line":20,"column":null}},"11":{"start":{"line":23,"column":2},"end":{"line":23,"column":null}},"12":{"start":{"line":27,"column":26},"end":{"line":35,"column":null}},"13":{"start":{"line":28,"column":1},"end":{"line":34,"column":null}},"14":{"start":{"line":29,"column":15},"end":{"line":29,"column":null}},"15":{"start":{"line":31,"column":2},"end":{"line":31,"column":null}},"16":{"start":{"line":33,"column":2},"end":{"line":33,"column":null}},"17":{"start":{"line":37,"column":26},"end":{"line":48,"column":null}},"18":{"start":{"line":39,"column":1},"end":{"line":47,"column":null}},"19":{"start":{"line":40,"column":13},"end":{"line":40,"column":null}},"20":{"start":{"line":42,"column":15},"end":{"line":42,"column":null}},"21":{"start":{"line":44,"column":2},"end":{"line":44,"column":null}},"22":{"start":{"line":46,"column":2},"end":{"line":46,"column":null}},"23":{"start":{"line":50,"column":26},"end":{"line":62,"column":null}},"24":{"start":{"line":51,"column":1},"end":{"line":61,"column":null}},"25":{"start":{"line":53,"column":13},"end":{"line":53,"column":null}},"26":{"start":{"line":55,"column":2},"end":{"line":55,"column":null}},"27":{"start":{"line":57,"column":2},"end":{"line":57,"column":null}},"28":{"start":{"line":60,"column":2},"end":{"line":60,"column":null}}},"fnMap":{"0":{"name":"(anonymous_0)","decl":{"start":{"line":4,"column":24},"end":{"line":4,"column":31}},"loc":{"start":{"line":4,"column":63},"end":{"line":12,"column":null}},"line":4},"1":{"name":"(anonymous_1)","decl":{"start":{"line":14,"column":27},"end":{"line":14,"column":34}},"loc":{"start":{"line":14,"column":86},"end":{"line":25,"column":null}},"line":14},"2":{"name":"(anonymous_2)","decl":{"start":{"line":27,"column":26},"end":{"line":27,"column":32}},"loc":{"start":{"line":27,"column":84},"end":{"line":35,"column":null}},"line":27},"3":{"name":"(anonymous_3)","decl":{"start":{"line":37,"column":26},"end":{"line":37,"column":33}},"loc":{"start":{"line":37,"column":85},"end":{"line":48,"column":null}},"line":37},"4":{"name":"(anonymous_4)","decl":{"start":{"line":50,"column":26},"end":{"line":50,"column":33}},"loc":{"start":{"line":50,"column":85},"end":{"line":62,"column":null}},"line":50}},"branchMap":{},"s":{"0":2,"1":1,"2":1,"3":1,"4":0,"5":0,"6":2,"7":2,"8":2,"9":2,"10":1,"11":1,"12":2,"13":4,"14":4,"15":3,"16":1,"17":2,"18":2,"19":2,"20":2,"21":1,"22":1,"23":2,"24":2,"25":2,"26":2,"27":1,"28":1},"f":{"0":1,"1":2,"2":4,"3":2,"4":2},"b":{},"meta":{"lastBranch":0,"lastFunction":5,"lastStatement":29,"seen":{"s:4:24:12:Infinity":0,"f:4:24:4:31":0,"s:5:1:11:Infinity":1,"s:6:16:6:34":2,"s:7:2:7:Infinity":3,"s:9:2:9:Infinity":4,"s:10:2:10:Infinity":5,"s:14:27:25:Infinity":6,"f:14:27:14:34":1,"s:15:1:24:Infinity":7,"s:16:13:16:Infinity":8,"s:18:15:18:Infinity":9,"s:20:2:20:Infinity":10,"s:23:2:23:Infinity":11,"s:27:26:35:Infinity":12,"f:27:26:27:32":2,"s:28:1:34:Infinity":13,"s:29:15:29:Infinity":14,"s:31:2:31:Infinity":15,"s:33:2:33:Infinity":16,"s:37:26:48:Infinity":17,"f:37:26:37:33":3,"s:39:1:47:Infinity":18,"s:40:13:40:Infinity":19,"s:42:15:42:Infinity":20,"s:44:2:44:Infinity":21,"s:46:2:46:Infinity":22,"s:50:26:62:Infinity":23,"f:50:26:50:33":4,"s:51:1:61:Infinity":24,"s:53:13:53:Infinity":25,"s:55:2:55:Infinity":26,"s:57:2:57:Infinity":27,"s:60:2:60:Infinity":28},"fnNames":{}}}
,"/home/jimmie-01/Node/Type_Script/blog-api/src/errors/app-error.ts": {"path":"/home/jimmie-01/Node/Type_Script/blog-api/src/errors/app-error.ts","statementMap":{"0":{"start":{"line":6,"column":2},"end":{"line":6,"column":null}},"1":{"start":{"line":8,"column":2},"end":{"line":8,"column":null}},"2":{"start":{"line":9,"column":2},"end":{"line":9,"column":null}},"3":{"start":{"line":11,"column":2},"end":{"line":11,"column":null}}},"fnMap":{"0":{"name":"constructor","decl":{"start":{"line":4,"column":1},"end":{"line":4,"column":14}},"loc":{"start":{"line":4,"column":51},"end":{"line":13,"column":null}},"line":4}},"branchMap":{},"s":{"0":4,"1":4,"2":4,"3":4},"f":{"0":4},"b":{},"meta":{"lastBranch":0,"lastFunction":1,"lastStatement":4,"seen":{"f:4:1:4:14":0,"s:6:2:6:Infinity":0,"s:8:2:8:Infinity":1,"s:9:2:9:Infinity":2,"s:11:2:11:Infinity":3},"fnNames":{}}}
,"/home/jimmie-01/Node/Type_Script/blog-api/src/errors/bad-request.error.ts": {"path":"/home/jimmie-01/Node/Type_Script/blog-api/src/errors/bad-request.error.ts","statementMap":{"0":{"start":{"line":7,"column":2},"end":{"line":7,"column":null}}},"fnMap":{"0":{"name":"constructor","decl":{"start":{"line":5,"column":1},"end":{"line":5,"column":13}},"loc":{"start":{"line":5,"column":29},"end":{"line":8,"column":null}},"line":5}},"branchMap":{},"s":{"0":3},"f":{"0":3},"b":{},"meta":{"lastBranch":0,"lastFunction":1,"lastStatement":1,"seen":{"f:5:1:5:13":0,"s:7:2:7:Infinity":0},"fnNames":{}}}
,"/home/jimmie-01/Node/Type_Script/blog-api/src/generated/prisma/client.ts": {"path":"/home/jimmie-01/Node/Type_Script/blog-api/src/generated/prisma/client.ts","statementMap":{"0":{"start":{"line":16,"column":0},"end":{"line":16,"column":null}},"1":{"start":{"line":40,"column":28},"end":{"line":40,"column":null}}},"fnMap":{},"branchMap":{},"s":{"0":4,"1":4},"f":{},"b":{},"meta":{"lastBranch":0,"lastFunction":0,"lastStatement":2,"seen":{"s:16:0:16:Infinity":0,"s:40:28:40:Infinity":1},"fnNames":{}}}
,"/home/jimmie-01/Node/Type_Script/blog-api/src/generated/prisma/enums.ts": {"path":"/home/jimmie-01/Node/Type_Script/blog-api/src/generated/prisma/enums.ts","statementMap":{},"fnMap":{},"branchMap":{},"s":{},"f":{},"b":{},"meta":{"lastBranch":0,"lastFunction":0,"lastStatement":0,"seen":{},"fnNames":{}}}
,"/home/jimmie-01/Node/Type_Script/blog-api/src/generated/prisma/internal/class.ts": {"path":"/home/jimmie-01/Node/Type_Script/blog-api/src/generated/prisma/internal/class.ts","statementMap":{"0":{"start":{"line":18,"column":46},"end":{"line":33,"column":null}},"1":{"start":{"line":35,"column":0},"end":{"line":35,"column":null}},"2":{"start":{"line":36,"column":0},"end":{"line":39,"column":null}},"3":{"start":{"line":42,"column":21},"end":{"line":42,"column":null}},"4":{"start":{"line":43,"column":20},"end":{"line":43,"column":null}},"5":{"start":{"line":44,"column":2},"end":{"line":44,"column":null}},"6":{"start":{"line":47,"column":0},"end":{"line":56,"column":null}},"7":{"start":{"line":48,"column":26},"end":{"line":48,"column":null}},"8":{"start":{"line":51,"column":21},"end":{"line":51,"column":null}},"9":{"start":{"line":52,"column":4},"end":{"line":52,"column":null}},"10":{"start":{"line":223,"column":2},"end":{"line":223,"column":null}}},"fnMap":{"0":{"name":"decodeBase64AsWasm","decl":{"start":{"line":41,"column":15},"end":{"line":41,"column":34}},"loc":{"start":{"line":41,"column":83},"end":{"line":45,"column":null}},"line":41},"1":{"name":"(anonymous_1)","decl":{"start":{"line":48,"column":14},"end":{"line":48,"column":26}},"loc":{"start":{"line":48,"column":26},"end":{"line":48,"column":null}},"line":48},"2":{"name":"(anonymous_2)","decl":{"start":{"line":50,"column":30},"end":{"line":50,"column":42}},"loc":{"start":{"line":50,"column":42},"end":{"line":53,"column":null}},"line":50},"3":{"name":"getPrismaClientClass","decl":{"start":{"line":222,"column":16},"end":{"line":222,"column":64}},"loc":{"start":{"line":222,"column":64},"end":{"line":224,"column":null}},"line":222}},"branchMap":{},"s":{"0":4,"1":4,"2":4,"3":1,"4":1,"5":1,"6":4,"7":1,"8":1,"9":1,"10":4},"f":{"0":1,"1":1,"2":1,"3":4},"b":{},"meta":{"lastBranch":0,"lastFunction":4,"lastStatement":11,"seen":{"s:18:46:33:Infinity":0,"s:35:0:35:Infinity":1,"s:36:0:39:Infinity":2,"f:41:15:41:34":0,"s:42:21:42:Infinity":3,"s:43:20:43:Infinity":4,"s:44:2:44:Infinity":5,"s:47:0:56:Infinity":6,"f:48:14:48:26":1,"s:48:26:48:Infinity":7,"f:50:30:50:42":2,"s:51:21:51:Infinity":8,"s:52:4:52:Infinity":9,"f:222:16:222:64":3,"s:223:2:223:Infinity":10},"fnNames":{}}}
,"/home/jimmie-01/Node/Type_Script/blog-api/src/generated/prisma/internal/prismaNamespace.ts": {"path":"/home/jimmie-01/Node/Type_Script/blog-api/src/generated/prisma/internal/prismaNamespace.ts","statementMap":{"0":{"start":{"line":32,"column":45},"end":{"line":32,"column":null}},"1":{"start":{"line":35,"column":47},"end":{"line":35,"column":null}},"2":{"start":{"line":38,"column":42},"end":{"line":38,"column":null}},"3":{"start":{"line":41,"column":47},"end":{"line":41,"column":null}},"4":{"start":{"line":44,"column":43},"end":{"line":44,"column":null}},"5":{"start":{"line":50,"column":19},"end":{"line":50,"column":null}},"6":{"start":{"line":51,"column":21},"end":{"line":51,"column":null}},"7":{"start":{"line":52,"column":20},"end":{"line":52,"column":null}},"8":{"start":{"line":53,"column":19},"end":{"line":53,"column":null}},"9":{"start":{"line":54,"column":19},"end":{"line":54,"column":null}},"10":{"start":{"line":62,"column":23},"end":{"line":62,"column":null}},"11":{"start":{"line":71,"column":35},"end":{"line":71,"column":null}},"12":{"start":{"line":86,"column":44},"end":{"line":89,"column":null}},"13":{"start":{"line":104,"column":25},"end":{"line":108,"column":null}},"14":{"start":{"line":114,"column":22},"end":{"line":114,"column":null}},"15":{"start":{"line":121,"column":24},"end":{"line":121,"column":null}},"16":{"start":{"line":128,"column":23},"end":{"line":128,"column":null}},"17":{"start":{"line":386,"column":25},"end":{"line":390,"column":null}},"18":{"start":{"line":660,"column":41},"end":{"line":665,"column":null}},"19":{"start":{"line":670,"column":39},"end":{"line":676,"column":null}},"20":{"start":{"line":681,"column":36},"end":{"line":688,"column":null}},"21":{"start":{"line":693,"column":36},"end":{"line":698,"column":null}},"22":{"start":{"line":703,"column":25},"end":{"line":706,"column":null}},"23":{"start":{"line":711,"column":25},"end":{"line":714,"column":null}},"24":{"start":{"line":787,"column":31},"end":{"line":787,"column":null}}},"fnMap":{},"branchMap":{},"s":{"0":4,"1":4,"2":4,"3":4,"4":4,"5":4,"6":4,"7":4,"8":4,"9":4,"10":4,"11":4,"12":4,"13":4,"14":4,"15":4,"16":4,"17":4,"18":4,"19":4,"20":4,"21":4,"22":4,"23":4,"24":4},"f":{},"b":{},"meta":{"lastBranch":0,"lastFunction":0,"lastStatement":25,"seen":{"s:32:45:32:Infinity":0,"s:35:47:35:Infinity":1,"s:38:42:38:Infinity":2,"s:41:47:41:Infinity":3,"s:44:43:44:Infinity":4,"s:50:19:50:Infinity":5,"s:51:21:51:Infinity":6,"s:52:20:52:Infinity":7,"s:53:19:53:Infinity":8,"s:54:19:54:Infinity":9,"s:62:23:62:Infinity":10,"s:71:35:71:Infinity":11,"s:86:44:89:Infinity":12,"s:104:25:108:Infinity":13,"s:114:22:114:Infinity":14,"s:121:24:121:Infinity":15,"s:128:23:128:Infinity":16,"s:386:25:390:Infinity":17,"s:660:41:665:Infinity":18,"s:670:39:676:Infinity":19,"s:681:36:688:Infinity":20,"s:693:36:698:Infinity":21,"s:703:25:706:Infinity":22,"s:711:25:714:Infinity":23,"s:787:31:787:Infinity":24},"fnNames":{}}}
,"/home/jimmie-01/Node/Type_Script/blog-api/src/integration/helpers/database.ts": {"path":"/home/jimmie-01/Node/Type_Script/blog-api/src/integration/helpers/database.ts","statementMap":{"0":{"start":{"line":3,"column":29},"end":{"line":9,"column":null}},"1":{"start":{"line":4,"column":1},"end":{"line":4,"column":null}},"2":{"start":{"line":6,"column":1},"end":{"line":6,"column":null}},"3":{"start":{"line":8,"column":1},"end":{"line":8,"column":null}}},"fnMap":{"0":{"name":"(anonymous_0)","decl":{"start":{"line":3,"column":29},"end":{"line":3,"column":41}},"loc":{"start":{"line":3,"column":41},"end":{"line":9,"column":null}},"line":3}},"branchMap":{},"s":{"0":1,"1":17,"2":17,"3":17},"f":{"0":17},"b":{},"meta":{"lastBranch":0,"lastFunction":1,"lastStatement":4,"seen":{"s:3:29:9:Infinity":0,"f:3:29:3:41":0,"s:4:1:4:Infinity":1,"s:6:1:6:Infinity":2,"s:8:1:8:Infinity":3},"fnNames":{}}}
,"/home/jimmie-01/Node/Type_Script/blog-api/src/integration/helpers/factories.ts": {"path":"/home/jimmie-01/Node/Type_Script/blog-api/src/integration/helpers/factories.ts","statementMap":{"0":{"start":{"line":3,"column":30},"end":{"line":18,"column":null}},"1":{"start":{"line":10,"column":1},"end":{"line":17,"column":null}},"2":{"start":{"line":20,"column":30},"end":{"line":35,"column":null}},"3":{"start":{"line":27,"column":1},"end":{"line":34,"column":null}}},"fnMap":{"0":{"name":"(anonymous_0)","decl":{"start":{"line":3,"column":30},"end":{"line":3,"column":null}},"loc":{"start":{"line":9,"column":5},"end":{"line":18,"column":null}},"line":9},"1":{"name":"(anonymous_1)","decl":{"start":{"line":20,"column":30},"end":{"line":20,"column":null}},"loc":{"start":{"line":26,"column":5},"end":{"line":35,"column":null}},"line":26}},"branchMap":{"0":{"loc":{"start":{"line":4,"column":1},"end":{"line":8,"column":null}},"type":"default-arg","locations":[{"start":{"line":8,"column":5},"end":{"line":8,"column":null}}],"line":4},"1":{"loc":{"start":{"line":22,"column":1},"end":{"line":25,"column":null}},"type":"default-arg","locations":[{"start":{"line":25,"column":6},"end":{"line":25,"column":null}}],"line":22}},"s":{"0":1,"1":16,"2":1,"3":8},"f":{"0":16,"1":8},"b":{"0":[16],"1":[8]},"meta":{"lastBranch":2,"lastFunction":2,"lastStatement":4,"seen":{"s:3:30:18:Infinity":0,"f:3:30:3:Infinity":0,"b:8:5:8:Infinity":0,"s:10:1:17:Infinity":1,"s:20:30:35:Infinity":2,"f:20:30:20:Infinity":1,"b:25:6:25:Infinity":1,"s:27:1:34:Infinity":3},"fnNames":{}}}
,"/home/jimmie-01/Node/Type_Script/blog-api/src/lib/prisma.ts": {"path":"/home/jimmie-01/Node/Type_Script/blog-api/src/lib/prisma.ts","statementMap":{"0":{"start":{"line":7,"column":15},"end":{"line":9,"column":null}}},"fnMap":{},"branchMap":{},"s":{"0":4},"f":{},"b":{},"meta":{"lastBranch":0,"lastFunction":0,"lastStatement":1,"seen":{"s:7:15:9:Infinity":0},"fnNames":{}}}
,"/home/jimmie-01/Node/Type_Script/blog-api/src/middleware/error.middleware.ts": {"path":"/home/jimmie-01/Node/Type_Script/blog-api/src/middleware/error.middleware.ts","statementMap":{"0":{"start":{"line":4,"column":13},"end":{"line":18,"column":null}},"1":{"start":{"line":7,"column":1},"end":{"line":11,"column":null}},"2":{"start":{"line":8,"column":2},"end":{"line":10,"column":null}},"3":{"start":{"line":13,"column":1},"end":{"line":13,"column":null}},"4":{"start":{"line":15,"column":1},"end":{"line":17,"column":null}}},"fnMap":{"0":{"name":"(anonymous_0)","decl":{"start":{"line":4,"column":13},"end":{"line":4,"column":null}},"loc":{"start":{"line":5,"column":67},"end":{"line":18,"column":null}},"line":5}},"branchMap":{"0":{"loc":{"start":{"line":7,"column":1},"end":{"line":11,"column":null}},"type":"if","locations":[{"start":{"line":7,"column":1},"end":{"line":11,"column":null}},{"start":{},"end":{}}],"line":7}},"s":{"0":1,"1":3,"2":3,"3":0,"4":0},"f":{"0":3},"b":{"0":[3,0]},"meta":{"lastBranch":1,"lastFunction":1,"lastStatement":5,"seen":{"s:4:13:18:Infinity":0,"f:4:13:4:Infinity":0,"b:7:1:11:Infinity:undefined:undefined:undefined:undefined":0,"s:7:1:11:Infinity":1,"s:8:2:10:Infinity":2,"s:13:1:13:Infinity":3,"s:15:1:17:Infinity":4},"fnNames":{}}}
,"/home/jimmie-01/Node/Type_Script/blog-api/src/middleware/logger.middleware.ts": {"path":"/home/jimmie-01/Node/Type_Script/blog-api/src/middleware/logger.middleware.ts","statementMap":{"0":{"start":{"line":3,"column":13},"end":{"line":11,"column":null}},"1":{"start":{"line":4,"column":1},"end":{"line":4,"column":null}},"2":{"start":{"line":6,"column":1},"end":{"line":6,"column":null}},"3":{"start":{"line":8,"column":1},"end":{"line":8,"column":null}},"4":{"start":{"line":10,"column":1},"end":{"line":10,"column":null}}},"fnMap":{"0":{"name":"(anonymous_0)","decl":{"start":{"line":3,"column":13},"end":{"line":3,"column":23}},"loc":{"start":{"line":3,"column":81},"end":{"line":11,"column":null}},"line":3}},"branchMap":{},"s":{"0":1,"1":16,"2":16,"3":16,"4":16},"f":{"0":16},"b":{},"meta":{"lastBranch":0,"lastFunction":1,"lastStatement":5,"seen":{"s:3:13:11:Infinity":0,"f:3:13:3:23":0,"s:4:1:4:Infinity":1,"s:6:1:6:Infinity":2,"s:8:1:8:Infinity":3,"s:10:1:10:Infinity":4},"fnNames":{}}}
,"/home/jimmie-01/Node/Type_Script/blog-api/src/middleware/validate-post.middleware.ts": {"path":"/home/jimmie-01/Node/Type_Script/blog-api/src/middleware/validate-post.middleware.ts","statementMap":{"0":{"start":{"line":4,"column":13},"end":{"line":42,"column":null}},"1":{"start":{"line":6,"column":16},"end":{"line":6,"column":null}},"2":{"start":{"line":8,"column":1},"end":{"line":12,"column":null}},"3":{"start":{"line":9,"column":2},"end":{"line":11,"column":null}},"4":{"start":{"line":14,"column":1},"end":{"line":14,"column":null}},"5":{"start":{"line":16,"column":1},"end":{"line":16,"column":null}},"6":{"start":{"line":44,"column":13},"end":{"line":59,"column":null}},"7":{"start":{"line":46,"column":16},"end":{"line":46,"column":null}},"8":{"start":{"line":48,"column":1},"end":{"line":53,"column":null}},"9":{"start":{"line":49,"column":2},"end":{"line":52,"column":null}},"10":{"start":{"line":56,"column":1},"end":{"line":56,"column":null}},"11":{"start":{"line":58,"column":1},"end":{"line":58,"column":null}}},"fnMap":{"0":{"name":"(anonymous_0)","decl":{"start":{"line":4,"column":13},"end":{"line":4,"column":35}},"loc":{"start":{"line":4,"column":87},"end":{"line":42,"column":null}},"line":4},"1":{"name":"(anonymous_1)","decl":{"start":{"line":44,"column":13},"end":{"line":44,"column":35}},"loc":{"start":{"line":44,"column":87},"end":{"line":59,"column":null}},"line":44}},"branchMap":{"0":{"loc":{"start":{"line":8,"column":1},"end":{"line":12,"column":null}},"type":"if","locations":[{"start":{"line":8,"column":1},"end":{"line":12,"column":null}},{"start":{},"end":{}}],"line":8},"1":{"loc":{"start":{"line":48,"column":1},"end":{"line":53,"column":null}},"type":"if","locations":[{"start":{"line":48,"column":1},"end":{"line":53,"column":null}},{"start":{},"end":{}}],"line":48}},"s":{"0":1,"1":7,"2":7,"3":5,"4":2,"5":2,"6":1,"7":4,"8":4,"9":2,"10":2,"11":2},"f":{"0":7,"1":4},"b":{"0":[5,2],"1":[2,2]},"meta":{"lastBranch":2,"lastFunction":2,"lastStatement":12,"seen":{"s:4:13:42:Infinity":0,"f:4:13:4:35":0,"s:6:16:6:Infinity":1,"b:8:1:12:Infinity:undefined:undefined:undefined:undefined":0,"s:8:1:12:Infinity":2,"s:9:2:11:Infinity":3,"s:14:1:14:Infinity":4,"s:16:1:16:Infinity":5,"s:44:13:59:Infinity":6,"f:44:13:44:35":1,"s:46:16:46:Infinity":7,"b:48:1:53:Infinity:undefined:undefined:undefined:undefined":1,"s:48:1:53:Infinity":8,"s:49:2:52:Infinity":9,"s:56:1:56:Infinity":10,"s:58:1:58:Infinity":11},"fnNames":{}}}
,"/home/jimmie-01/Node/Type_Script/blog-api/src/repositories/post.repository.ts": {"path":"/home/jimmie-01/Node/Type_Script/blog-api/src/repositories/post.repository.ts","statementMap":{"0":{"start":{"line":7,"column":28},"end":{"line":9,"column":null}},"1":{"start":{"line":8,"column":1},"end":{"line":8,"column":null}},"2":{"start":{"line":11,"column":27},"end":{"line":15,"column":null}},"3":{"start":{"line":12,"column":1},"end":{"line":14,"column":null}},"4":{"start":{"line":17,"column":26},"end":{"line":21,"column":null}},"5":{"start":{"line":18,"column":1},"end":{"line":20,"column":null}},"6":{"start":{"line":23,"column":26},"end":{"line":42,"column":null}},"7":{"start":{"line":24,"column":1},"end":{"line":41,"column":null}},"8":{"start":{"line":25,"column":46},"end":{"line":25,"column":null}},"9":{"start":{"line":27,"column":2},"end":{"line":29,"column":null}},"10":{"start":{"line":28,"column":3},"end":{"line":28,"column":null}},"11":{"start":{"line":31,"column":2},"end":{"line":33,"column":null}},"12":{"start":{"line":32,"column":3},"end":{"line":32,"column":null}},"13":{"start":{"line":35,"column":2},"end":{"line":35,"column":null}},"14":{"start":{"line":37,"column":2},"end":{"line":39,"column":null}},"15":{"start":{"line":38,"column":3},"end":{"line":38,"column":null}},"16":{"start":{"line":40,"column":2},"end":{"line":40,"column":null}},"17":{"start":{"line":44,"column":26},"end":{"line":57,"column":null}},"18":{"start":{"line":45,"column":1},"end":{"line":56,"column":null}},"19":{"start":{"line":46,"column":2},"end":{"line":50,"column":null}},"20":{"start":{"line":52,"column":2},"end":{"line":54,"column":null}},"21":{"start":{"line":53,"column":3},"end":{"line":53,"column":null}},"22":{"start":{"line":55,"column":2},"end":{"line":55,"column":null}}},"fnMap":{"0":{"name":"(anonymous_0)","decl":{"start":{"line":7,"column":28},"end":{"line":7,"column":40}},"loc":{"start":{"line":7,"column":40},"end":{"line":9,"column":null}},"line":7},"1":{"name":"(anonymous_1)","decl":{"start":{"line":11,"column":27},"end":{"line":11,"column":34}},"loc":{"start":{"line":11,"column":49},"end":{"line":15,"column":null}},"line":11},"2":{"name":"(anonymous_2)","decl":{"start":{"line":17,"column":26},"end":{"line":17,"column":33}},"loc":{"start":{"line":17,"column":57},"end":{"line":21,"column":null}},"line":17},"3":{"name":"(anonymous_3)","decl":{"start":{"line":23,"column":26},"end":{"line":23,"column":33}},"loc":{"start":{"line":23,"column":69},"end":{"line":42,"column":null}},"line":23},"4":{"name":"(anonymous_4)","decl":{"start":{"line":44,"column":26},"end":{"line":44,"column":33}},"loc":{"start":{"line":44,"column":48},"end":{"line":57,"column":null}},"line":44}},"branchMap":{"0":{"loc":{"start":{"line":27,"column":2},"end":{"line":29,"column":null}},"type":"if","locations":[{"start":{"line":27,"column":2},"end":{"line":29,"column":null}},{"start":{},"end":{}}],"line":27},"1":{"loc":{"start":{"line":31,"column":2},"end":{"line":33,"column":null}},"type":"if","locations":[{"start":{"line":31,"column":2},"end":{"line":33,"column":null}},{"start":{},"end":{}}],"line":31},"2":{"loc":{"start":{"line":37,"column":2},"end":{"line":39,"column":null}},"type":"if","locations":[{"start":{"line":37,"column":2},"end":{"line":39,"column":null}},{"start":{},"end":{}}],"line":37},"3":{"loc":{"start":{"line":37,"column":6},"end":{"line":37,"column":87}},"type":"binary-expr","locations":[{"start":{"line":37,"column":6},"end":{"line":37,"column":63}},{"start":{"line":37,"column":63},"end":{"line":37,"column":87}}],"line":37},"4":{"loc":{"start":{"line":52,"column":2},"end":{"line":54,"column":null}},"type":"if","locations":[{"start":{"line":52,"column":2},"end":{"line":54,"column":null}},{"start":{},"end":{}}],"line":52},"5":{"loc":{"start":{"line":52,"column":6},"end":{"line":52,"column":87}},"type":"binary-expr","locations":[{"start":{"line":52,"column":6},"end":{"line":52,"column":63}},{"start":{"line":52,"column":63},"end":{"line":52,"column":87}}],"line":52}},"s":{"0":4,"1":2,"2":4,"3":4,"4":4,"5":2,"6":4,"7":2,"8":2,"9":2,"10":2,"11":2,"12":1,"13":2,"14":1,"15":1,"16":0,"17":4,"18":1,"19":1,"20":0,"21":0,"22":0},"f":{"0":2,"1":4,"2":2,"3":2,"4":1},"b":{"0":[2,0],"1":[1,1],"2":[1,0],"3":[1,1],"4":[0,0],"5":[0,0]},"meta":{"lastBranch":6,"lastFunction":5,"lastStatement":23,"seen":{"s:7:28:9:Infinity":0,"f:7:28:7:40":0,"s:8:1:8:Infinity":1,"s:11:27:15:Infinity":2,"f:11:27:11:34":1,"s:12:1:14:Infinity":3,"s:17:26:21:Infinity":4,"f:17:26:17:33":2,"s:18:1:20:Infinity":5,"s:23:26:42:Infinity":6,"f:23:26:23:33":3,"s:24:1:41:Infinity":7,"s:25:46:25:Infinity":8,"b:27:2:29:Infinity:undefined:undefined:undefined:undefined":0,"s:27:2:29:Infinity":9,"s:28:3:28:Infinity":10,"b:31:2:33:Infinity:undefined:undefined:undefined:undefined":1,"s:31:2:33:Infinity":11,"s:32:3:32:Infinity":12,"s:35:2:35:Infinity":13,"b:37:2:39:Infinity:undefined:undefined:undefined:undefined":2,"s:37:2:39:Infinity":14,"b:37:6:37:63:37:63:37:87":3,"s:38:3:38:Infinity":15,"s:40:2:40:Infinity":16,"s:44:26:57:Infinity":17,"f:44:26:44:33":4,"s:45:1:56:Infinity":18,"s:46:2:50:Infinity":19,"b:52:2:54:Infinity:undefined:undefined:undefined:undefined":4,"s:52:2:54:Infinity":20,"b:52:6:52:63:52:63:52:87":5,"s:53:3:53:Infinity":21,"s:55:2:55:Infinity":22},"fnNames":{}}}
,"/home/jimmie-01/Node/Type_Script/blog-api/src/routes/post.routes.ts": {"path":"/home/jimmie-01/Node/Type_Script/blog-api/src/routes/post.routes.ts","statementMap":{"0":{"start":{"line":5,"column":15},"end":{"line":5,"column":22}},"1":{"start":{"line":7,"column":0},"end":{"line":7,"column":null}},"2":{"start":{"line":8,"column":0},"end":{"line":8,"column":null}},"3":{"start":{"line":9,"column":0},"end":{"line":9,"column":null}},"4":{"start":{"line":10,"column":0},"end":{"line":10,"column":null}},"5":{"start":{"line":11,"column":0},"end":{"line":11,"column":null}}},"fnMap":{},"branchMap":{},"s":{"0":1,"1":1,"2":1,"3":1,"4":1,"5":1},"f":{},"b":{},"meta":{"lastBranch":0,"lastFunction":0,"lastStatement":6,"seen":{"s:5:15:5:22":0,"s:7:0:7:Infinity":1,"s:8:0:8:Infinity":2,"s:9:0:9:Infinity":3,"s:10:0:10:Infinity":4,"s:11:0:11:Infinity":5},"fnNames":{}}}
,"/home/jimmie-01/Node/Type_Script/blog-api/src/service/post.service.ts": {"path":"/home/jimmie-01/Node/Type_Script/blog-api/src/service/post.service.ts","statementMap":{"0":{"start":{"line":7,"column":27},"end":{"line":9,"column":null}},"1":{"start":{"line":8,"column":1},"end":{"line":8,"column":null}},"2":{"start":{"line":11,"column":28},"end":{"line":20,"column":null}},"3":{"start":{"line":13,"column":14},"end":{"line":13,"column":null}},"4":{"start":{"line":15,"column":1},"end":{"line":17,"column":null}},"5":{"start":{"line":16,"column":2},"end":{"line":16,"column":null}},"6":{"start":{"line":19,"column":1},"end":{"line":19,"column":null}},"7":{"start":{"line":22,"column":29},"end":{"line":24,"column":null}},"8":{"start":{"line":23,"column":1},"end":{"line":23,"column":null}},"9":{"start":{"line":26,"column":34},"end":{"line":29,"column":null}},"10":{"start":{"line":28,"column":1},"end":{"line":28,"column":null}},"11":{"start":{"line":31,"column":34},"end":{"line":42,"column":null}},"12":{"start":{"line":33,"column":14},"end":{"line":35,"column":null}},"13":{"start":{"line":37,"column":1},"end":{"line":39,"column":null}},"14":{"start":{"line":38,"column":2},"end":{"line":38,"column":null}},"15":{"start":{"line":41,"column":1},"end":{"line":41,"column":null}}},"fnMap":{"0":{"name":"(anonymous_0)","decl":{"start":{"line":7,"column":27},"end":{"line":7,"column":39}},"loc":{"start":{"line":7,"column":39},"end":{"line":9,"column":null}},"line":7},"1":{"name":"(anonymous_1)","decl":{"start":{"line":11,"column":28},"end":{"line":11,"column":35}},"loc":{"start":{"line":11,"column":50},"end":{"line":20,"column":null}},"line":11},"2":{"name":"(anonymous_2)","decl":{"start":{"line":22,"column":29},"end":{"line":22,"column":35}},"loc":{"start":{"line":22,"column":59},"end":{"line":24,"column":null}},"line":22},"3":{"name":"(anonymous_3)","decl":{"start":{"line":26,"column":34},"end":{"line":26,"column":41}},"loc":{"start":{"line":26,"column":77},"end":{"line":29,"column":null}},"line":26},"4":{"name":"(anonymous_4)","decl":{"start":{"line":31,"column":34},"end":{"line":31,"column":41}},"loc":{"start":{"line":31,"column":56},"end":{"line":42,"column":null}},"line":31}},"branchMap":{"0":{"loc":{"start":{"line":15,"column":1},"end":{"line":17,"column":null}},"type":"if","locations":[{"start":{"line":15,"column":1},"end":{"line":17,"column":null}},{"start":{},"end":{}}],"line":15},"1":{"loc":{"start":{"line":37,"column":1},"end":{"line":39,"column":null}},"type":"if","locations":[{"start":{"line":37,"column":1},"end":{"line":39,"column":null}},{"start":{},"end":{}}],"line":37}},"s":{"0":3,"1":2,"2":3,"3":4,"4":4,"5":2,"6":2,"7":3,"8":2,"9":3,"10":2,"11":3,"12":2,"13":2,"14":1,"15":1},"f":{"0":2,"1":4,"2":2,"3":2,"4":2},"b":{"0":[2,2],"1":[1,1]},"meta":{"lastBranch":2,"lastFunction":5,"lastStatement":16,"seen":{"s:7:27:9:Infinity":0,"f:7:27:7:39":0,"s:8:1:8:Infinity":1,"s:11:28:20:Infinity":2,"f:11:28:11:35":1,"s:13:14:13:Infinity":3,"b:15:1:17:Infinity:undefined:undefined:undefined:undefined":0,"s:15:1:17:Infinity":4,"s:16:2:16:Infinity":5,"s:19:1:19:Infinity":6,"s:22:29:24:Infinity":7,"f:22:29:22:35":2,"s:23:1:23:Infinity":8,"s:26:34:29:Infinity":9,"f:26:34:26:41":3,"s:28:1:28:Infinity":10,"s:31:34:42:Infinity":11,"f:31:34:31:41":4,"s:33:14:35:Infinity":12,"b:37:1:39:Infinity:undefined:undefined:undefined:undefined":1,"s:37:1:39:Infinity":13,"s:38:2:38:Infinity":14,"s:41:1:41:Infinity":15},"fnNames":{}}}
,"/home/jimmie-01/Node/Type_Script/blog-api/src/validation/post.schema.ts": {"path":"/home/jimmie-01/Node/Type_Script/blog-api/src/validation/post.schema.ts","statementMap":{"0":{"start":{"line":3,"column":32},"end":{"line":14,"column":null}},"1":{"start":{"line":17,"column":0},"end":{"line":28,"column":null}},"2":{"start":{"line":24,"column":11},"end":{"line":24,"column":null}}},"fnMap":{"0":{"name":"(anonymous_0)","decl":{"start":{"line":23,"column":1},"end":{"line":23,"column":null}},"loc":{"start":{"line":24,"column":11},"end":{"line":24,"column":null}},"line":24}},"branchMap":{},"s":{"0":1,"1":1,"2":3},"f":{"0":3},"b":{},"meta":{"lastBranch":0,"lastFunction":1,"lastStatement":3,"seen":{"s:3:32:14:Infinity":0,"s:17:0:28:Infinity":1,"f:23:1:23:Infinity":0,"s:24:11:24:Infinity":2},"fnNames":{}}}
}
